C51 COMPILER V9.60.0.0   WDCONGJI2                                                         07/04/2020 16:16:47 PAGE 1   


C51 COMPILER V9.60.0.0, COMPILATION OF MODULE WDCONGJI2
OBJECT MODULE PLACED IN .\Objects\wdcongji2.obj
COMPILER INVOKED BY: C:\Keil_v5\C51\BIN\C51.EXE wdcongji2.c OPTIMIZE(8,SPEED) PRINT(.\Listings\wdcongji2.lst) TABS(2) OB
                    -JECT(.\Objects\wdcongji2.obj)

line level    source

   1          #include<STC12C5A60S2.h>  
   2          #include <intrins.h>
   3          #define S2RI 0x01   //串口2接收中断请求标志位  
   4          #define S2TI 0x02   //串口2发送中断请求标志位  
   5          #define uchar unsigned char
   6          #define uint unsigned int
   7          unsigned char flag1,flag2,temp1,temp2;  
   8          unsigned char BUF[8]={0x11,0x11,0x11,0x11,0x11,0x11,0x11,0x11}; //8 bits per pkt
   9          unsigned char RES[8]={0xff,0xff,0xff,0xff,0xff,0xff,0xff,0xff};
  10          int reading=-1;
  11          int cnt=-1;
  12          int uploading=-1;
  13          unsigned char addr1=0x02;
  14          bit getAddr=0;
  15          sbit KEY1=P0^0;
  16          sbit KEY2=P0^1;
  17          #define S2RB8 0x04          //S2CON.2
  18          #define S2TB8 0x08          //S2CON.3
  19          
  20          //********************************************DS18b20***************************
  21          sbit DQ=P3^2;         //数据传输线接单片机的相应的引脚 
  22          unsigned char data tempL=0;     //设全局变量
  23          unsigned char data tempH=0; 
  24          
  25          bit fg=1;             //温度正负标志
  26          void UART_2SendOneByte(unsigned char c) ;
  27          /*******************************************************************************
  28          * 函数名         : delay(uint u)
  29          * 函数功能                 : 延时ums
  30          * 输入           : uint u
  31          * 输出                  : 无
  32          *******************************************************************************/
  33          void delay_ums(unsigned int u)                       //延时ums 12M晶振误差 0us
  34          {
  35   1         unsigned char a,b;
  36   1         for( ; u > 0 ; u --)         
  37   1                      for(b=199;b>0;b--)
  38   1                              for(a=1;a>0;a--);
  39   1      }
  40          //newnew
  41          //适用于STC12c和stc5系列单片机
  42          //编写：刘海龙
  43          //温度传感器定义
  44          //在主程序里调用ReadTemperature();//读取温度程序
  45          //sbit DQ = P5 ^ 5;//ds18B20连接的IO口
  46          unsigned int tem;//
  47          /*********************************/
  48          void delay_us(unsigned char n)// STC15系列单片机延时1微秒@12MHZ
  49          { 
  50   1          while (n--) 
  51   1          { 
  52   2              _nop_(); 
  53   2              _nop_();
  54   2              _nop_(); 
C51 COMPILER V9.60.0.0   WDCONGJI2                                                         07/04/2020 16:16:47 PAGE 2   

  55   2          } 
  56   1      }        
  57          /******************************************************************************/
  58          void Init_DS18B20(void){//初始化ds1820
  59   1              unsigned char x=0;
  60   1              
  61   1      DQ = 1;          //DQ复位
  62   1      delay_us(80); //稍做延时
  63   1      DQ = 0;          //单片机将DQ拉低
  64   1      delay_us(240); //精确延时 大于 480us
  65   1      delay_us(240);
  66   1      DQ = 1;          //拉高总线
  67   1      delay_us(60);
  68   1      x=DQ;        
  69   1      delay_us(240);              //等待设备释放数据线 
  70   1      delay_us(180);
  71   1      }
  72          /******************************************************************************/
  73          unsigned char ReadOneChar(void){//读一个字节
  74   1              unsigned char i=0;
  75   1              unsigned char dat = 0;
  76   1              for (i=8;i>0;i--){
  77   2                      DQ = 0; // 给脉冲信号
  78   2                      dat>>=1;
  79   2                      DQ = 1; // 给脉冲信号
  80   2                      if(DQ==1){
  81   3                              dat|=0x80;
  82   3                      }
  83   2                      delay_us(60);
  84   2              }
  85   1              return(dat);
  86   1      }
  87          /******************************************************************************/
  88          void WriteOneChar(unsigned char dat){//写一个字节
  89   1              unsigned char i=0;
  90   1              for (i=8; i>0; i--){
  91   2                      DQ = 0;
  92   2                      DQ = dat&0x01;
  93   2                      delay_us(60);
  94   2                      DQ = 1;
  95   2                      dat>>=1;
  96   2              }
  97   1      }
  98          /******************************************************************************/
  99          
 100          /************************************/
 101          void ReadTemperature(void){//读取温度
 102   1              //unsigned char a=0;
 103   1              //unsigned char b=0;
 104   1              //unsigned int t=0;
 105   1              //float tt=0;
 106   1              Init_DS18B20();
 107   1              WriteOneChar(0xCC); // 跳过读序号列号的操作
 108   1              WriteOneChar(0x44); // 启动温度转换
 109   1              Init_DS18B20();
 110   1              WriteOneChar(0xCC); //跳过读序号列号的操作
 111   1              WriteOneChar(0xBE); //读取温度寄存器
 112   1              tempL=ReadOneChar();  //读低8位
 113   1              tempH=ReadOneChar(); //读高8位
 114   1      //        UART_2SendOneByte(tempL);
 115   1      //        UART_2SendOneByte(tempH);
 116   1             /* t=b;
C51 COMPILER V9.60.0.0   WDCONGJI2                                                         07/04/2020 16:16:47 PAGE 3   

 117   1              t<<=8;
 118   1              t=t|a;
 119   1              tt=t*0.0625;
 120   1              t= tt*10+0.5; //放大10倍输出并四舍五入
 121   1              tem=t;
 122   1              return(t);*/
 123   1      }
 124          
 125          //ReadTemperature();//读取温度程序
 126          //***
 127          
 128          /****************串行口初始化函数****************/  
 129          void InitUART(void)  
 130          {  
 131   1        /*  TMOD = 0x20;    //定时器1工作在方式2  8位自动重装  
 132   1          //SCON = 0x50;    //串口1工作在方式1  10位异步收发 REN=1允许接收  
 133   1          SCON=0Xf0;  //设置为工作方式3,打开接收允许位
 134   1          //TH1 = 0xFA;    //定时器1初值  
 135   1          TH1 = 0xFD;
 136   1          TL1 = TH1;  
 137   1          TR1 = 1;       //定时器1开始计数  
 138   1        */
 139   1        TMOD=0x20; //定时器1工作于方式2
 140   1        TH1=0xfd;  
 141   1        TL1=0xfd; //波特率为9600
 142   1        PCON=0;
 143   1        SCON=0xd0;  //串口工作于方式3
 144   1        SM2=0;//receive all
 145   1        TR1=1;  //开启定时器
 146   1        TI=0;
 147   1        RI=0;
 148   1          /*
 149   1          PCON &= 0x7F;   //波特率不倍速
 150   1          SCON = 0xD0;    //9位数据,可变波特率
 151   1          AUXR |= 0x40;   //定时器1时钟为Fosc,即1T
 152   1          AUXR &= 0xFE;   //串口1选择定时器1为波特率发生器
 153   1          TMOD &= 0x0F;   //清除定时器1模式位
 154   1          TMOD |= 0x20;   //设定定时器1为8位自动重装方式
 155   1          TL1 = 0xDC;   //设定定时初值
 156   1          TH1 = 0xDC;   //设定定时器重装值
 157   1          ET1 = 0;    //禁止定时器1中断
 158   1          TR1 = 1;    //启动定时器1  
 159   1          SM2=0;
 160   1        */
 161   1          EA =1;  //开总中断  
 162   1          ES =1;  //开串口1中断  
 163   1        /*
 164   1          S2CON = 0x50;   //串口2工作在方式1  10位异步收发 S2REN=1允许接收  
 165   1          //BRT = 0xFA;    //独立波特率发生器初值  
 166   1          BRT = 0xFD;
 167   1          //AUXR = 0x10;    //BRTR=1 独立波特率发生器开始计数  
 168   1          AUXR &= 0xf7;
 169   1          AUXR |= 0x04;
 170   1          AUXR |= 0x10;
 171   1        */
 172   1          AUXR &= 0xF7;   //波特率不倍速
 173   1          S2CON = 0x50;   //8位数据,可变波特率
 174   1          AUXR |= 0x04;   //独立波特率发生器时钟为Fosc,即1T
 175   1          BRT = 0xDC;   //设定独立波特率发生器重装值
 176   1          AUXR |= 0x10;   //启动独立波特率发生器
 177   1          
 178   1          IE2 =0x01;  //开串口2中断  ES2=1  
C51 COMPILER V9.60.0.0   WDCONGJI2                                                         07/04/2020 16:16:47 PAGE 4   

 179   1      }  
 180          /****************串行口1发送****************/  
 181          void UART_1SendOneByte(unsigned char c)  
 182          {  
 183   1          TB8=0;
 184   1          SBUF = c;  
 185   1          while(!TI);    //若TI=0，在此等待  
 186   1          TI = 0;    
 187   1      }  
 188          /****************串行口2发送****************/  
 189          void UART_2SendOneByte(unsigned char c)  
 190          {  
 191   1          S2BUF = c;  
 192   1          while(!(S2CON&S2TI));  //若S2TI=0，在此等待  
 193   1          S2CON&=~S2TI;     //S2TI=0  
 194   1      }
 195          //void UART_2SendOnePkt(unsigned )  
 196          void copy_arr(unsigned char *from,unsigned char *to)
 197          {
 198   1        int i=0;
 199   1        for (i=0;i<8;i++)
 200   1        {   
 201   2          *to=*from;
 202   2           to++;
 203   2           from++; 
 204   2        }
 205   1      }
 206          void UART_1SendAddr(unsigned addr)
 207          {
 208   1         //while(temp1!=addr) //主机等待从机返回其地址作为应答信号
 209   1         //{
 210   1          TI=0;    //发送从机地址
 211   1          TB8=1;    //发送地址帧
 212   1          SBUF=addr;
 213   1          while(!TI);
 214   1          TI=0; 
 215   1          /*
 216   1          RI=0;
 217   1          while(!RI);
 218   1          temp1=SBUF;
 219   1          RI=0;*/
 220   1         //}
 221   1      
 222   1      }
 223          void Uart_1SendPkt(unsigned char pkt[8])
 224          {
 225   1        int i=0;
 226   1        for (i=0;i<8;i++){
 227   2            UART_1SendOneByte(pkt[i]);
 228   2        }
 229   1      } 
 230          void main(void)  
 231          {  
 232   1          InitUART(); //串行口初始化  
 233   1          
 234   1          while(1) {
 235   2      /*
 236   2            if(KEY1==0)
 237   2            {
 238   2             delay(5);
 239   2             if(KEY1==0)
 240   2             {
C51 COMPILER V9.60.0.0   WDCONGJI2                                                         07/04/2020 16:16:47 PAGE 5   

 241   2              while(!KEY1);
 242   2              UART_1SendAddr(0x01);
 243   2             }
 244   2            }
 245   2            if(KEY2==0)
 246   2            {
 247   2             delay(5);
 248   2             if(KEY2==0)
 249   2             {
 250   2              while(!KEY2);
 251   2              UART_1SendAddr(0x02);
 252   2             }
 253   2            }*/
 254   2            //float tempreture=gettemp();
 255   2            //ReadTemperature();
 256   2              //UART_2SendOneByte(tempL);
 257   2              //UART_2SendOneByte(tempH);
 258   2            //UART_2SendOneByte(tempH);
 259   2            //UART_2SendOneByte(tempL);
 260   2            //delay_ums(1000);
 261   2            /*
 262   2            if(flag2==1)//收到上位机发来的地址，存在temp2里
 263   2            {
 264   2              flag2=0;
 265   2              UART_1SendAddr(temp2);//下发从机查询
 266   2            }
 267   2            if(flag1==1)//从机返回值
 268   2            {
 269   2              flag1=0;
 270   2              UART_2SendOneByte(temp1);//通过串口2回传上位机
 271   2            }*/
 272   2          }
 273   1      }
 274          /************串行口1中断处理函数*************/ 
 275          /*
 276          void UART_1Interrupt(void) interrupt 4  
 277          {  
 278              if(RI==1)  
 279              {  
 280                  RI=0;  
 281                  flag1=1;  
 282                  temp1=SBUF;
 283              }  
 284          }  */
 285          /************串行口1中断处理函数*************/  
 286          void UART_1Interrupt(void) interrupt 4
 287          {
 288   1        ES=0;
 289   1        if(RI==1)
 290   1        {
 291   2          RI=0;
 292   2          temp1=SBUF;
 293   2          if(RB8)
 294   2              {       
 295   3                //UART_1SendOneByte(0x00);//got rb8
 296   3                if (temp1==addr1)
 297   3                {
 298   4                  //UART_1SendOneByte(addr1);
 299   4                  SM2=1;//中断地址
 300   4                  getAddr=1;
 301   4                  /*if (uploaded==0)
 302   4                    Uart_1SendPkt(BUF);
C51 COMPILER V9.60.0.0   WDCONGJI2                                                         07/04/2020 16:16:47 PAGE 6   

 303   4                    uploaded=1;*/
 304   4                  ReadTemperature();
 305   4                  UART_1SendOneByte(tempL);
 306   4                  UART_1SendOneByte(tempH);
 307   4                }
 308   3                else
 309   3                {
 310   4                  SM2=1;//只中断地址帧
 311   4                  getAddr=0;
 312   4                }
 313   3              }
 314   2      
 315   2        }
 316   1        ES=1;
 317   1      }
 318          /************串行口2中断处理函数*************/  
 319          
 320          void UART_2Interrupt(void) interrupt 8  
 321          {  
 322   1          if(S2CON&S2RI)  
 323   1          {  
 324   2              S2CON&=~S2RI;  
 325   2              flag2=1;  
 326   2              temp2=S2BUF;
 327   2              //UART_1SendAddr(temp2);
 328   2              //UART_1SendOneByte(temp2); 
 329   2          }   
 330   1      }


MODULE INFORMATION:   STATIC OVERLAYABLE
   CODE SIZE        =    489    ----
   CONSTANT SIZE    =   ----    ----
   XDATA SIZE       =   ----    ----
   PDATA SIZE       =   ----    ----
   DATA SIZE        =     31       9
   IDATA SIZE       =   ----    ----
   BIT SIZE         =      2    ----
END OF MODULE INFORMATION.


C51 COMPILATION COMPLETE.  0 WARNING(S),  0 ERROR(S)
