C51 COMPILER V9.60.0.0   ZHUJI                                                             07/04/2020 16:17:19 PAGE 1   


C51 COMPILER V9.60.0.0, COMPILATION OF MODULE ZHUJI
OBJECT MODULE PLACED IN .\Objects\zhuji.obj
COMPILER INVOKED BY: C:\Keil_v5\C51\BIN\C51.EXE zhuji.c OPTIMIZE(8,SPEED) PRINT(.\Listings\zhuji.lst) TABS(2) OBJECT(.\O
                    -bjects\zhuji.obj)

line level    source

   1          #include<STC12C5A60S2.h>  
   2          #define S2RI 0x01   //串口2接收中断请求标志位  
   3          #define S2TI 0x02   //串口2发送中断请求标志位  
   4          unsigned char flag1,flag2,temp1,temp2;  
   5          unsigned char BUF[8]={0x11,0x11,0x11,0x11,0x11,0x11,0x11,0x11}; //8 bits per pkt
   6          unsigned char RES[8]={0xff,0xff,0xff,0xff,0xff,0xff,0xff,0xff};
   7          int reading=-1;
   8          int cnt=-1;
   9          int uploading=-1;
  10          unsigned char addr1=0x01;
  11          bit getAddr=0;
  12          sbit KEY1=P0^0;
  13          sbit KEY2=P0^1;
  14          #define S2RB8 0x04          //S2CON.2
  15          #define S2TB8 0x08          //S2CON.3
  16          /*******************************************************************************
  17          * 函数名         : delay(uint u)
  18          * 函数功能                 : 延时ums
  19          * 输入           : uint u
  20          * 输出                  : 无
  21          *******************************************************************************/
  22          void delay(unsigned int u)                       //延时ums 12M晶振误差 0us
  23          {
  24   1         unsigned char a,b;
  25   1         for( ; u > 0 ; u --)         
  26   1                      for(b=199;b>0;b--)
  27   1                              for(a=1;a>0;a--);
  28   1      }
  29          /****************串行口初始化函数****************/  
  30          void InitUART(void)  
  31          {  
  32   1        /*  TMOD = 0x20;    //定时器1工作在方式2  8位自动重装  
  33   1          //SCON = 0x50;    //串口1工作在方式1  10位异步收发 REN=1允许接收  
  34   1          SCON=0Xf0;  //设置为工作方式3,打开接收允许位
  35   1          //TH1 = 0xFA;    //定时器1初值  
  36   1          TH1 = 0xFD;
  37   1          TL1 = TH1;  
  38   1          TR1 = 1;       //定时器1开始计数  
  39   1        */
  40   1        TMOD=0x20; //定时器1工作于方式2
  41   1        TH1=0xfd;  
  42   1        TL1=0xfd; //波特率为9600
  43   1        PCON=0;
  44   1        SCON=0xd0;  //串口工作于方式3
  45   1        SM2=0;//receive all
  46   1        TR1=1;  //开启定时器
  47   1        TI=0;
  48   1        RI=0;
  49   1          /*
  50   1          PCON &= 0x7F;   //波特率不倍速
  51   1          SCON = 0xD0;    //9位数据,可变波特率
  52   1          AUXR |= 0x40;   //定时器1时钟为Fosc,即1T
  53   1          AUXR &= 0xFE;   //串口1选择定时器1为波特率发生器
  54   1          TMOD &= 0x0F;   //清除定时器1模式位
C51 COMPILER V9.60.0.0   ZHUJI                                                             07/04/2020 16:17:19 PAGE 2   

  55   1          TMOD |= 0x20;   //设定定时器1为8位自动重装方式
  56   1          TL1 = 0xDC;   //设定定时初值
  57   1          TH1 = 0xDC;   //设定定时器重装值
  58   1          ET1 = 0;    //禁止定时器1中断
  59   1          TR1 = 1;    //启动定时器1  
  60   1          SM2=0;
  61   1        */
  62   1          EA =1;  //开总中断  
  63   1          ES =1;  //开串口1中断  
  64   1        /*
  65   1          S2CON = 0x50;   //串口2工作在方式1  10位异步收发 S2REN=1允许接收  
  66   1          //BRT = 0xFA;    //独立波特率发生器初值  
  67   1          BRT = 0xFD;
  68   1          //AUXR = 0x10;    //BRTR=1 独立波特率发生器开始计数  
  69   1          AUXR &= 0xf7;
  70   1          AUXR |= 0x04;
  71   1          AUXR |= 0x10;
  72   1        */
  73   1          AUXR &= 0xF7;   //波特率不倍速
  74   1          S2CON = 0x50;   //8位数据,可变波特率
  75   1          AUXR |= 0x04;   //独立波特率发生器时钟为Fosc,即1T
  76   1          BRT = 0xDC;   //设定独立波特率发生器重装值
  77   1          AUXR |= 0x10;   //启动独立波特率发生器
  78   1          
  79   1          IE2 =0x01;  //开串口2中断  ES2=1  
  80   1      }  
  81          /****************串行口1发送****************/  
  82          void UART_1SendOneByte(unsigned char c)  
  83          {  
  84   1          TB8=0;
  85   1          SBUF = c;  
  86   1          while(!TI);    //若TI=0，在此等待  
  87   1          TI = 0;    
  88   1      }  
  89          /****************串行口2发送****************/  
  90          void UART_2SendOneByte(unsigned char c)  
  91          {  
  92   1          S2BUF = c;  
  93   1          while(!(S2CON&S2TI));  //若S2TI=0，在此等待  
  94   1          S2CON&=~S2TI;     //S2TI=0  
  95   1      }
  96          //void UART_2SendOnePkt(unsigned )  
  97          void copy_arr(unsigned char *from,unsigned char *to)
  98          {
  99   1        int i=0;
 100   1        for (i=0;i<8;i++)
 101   1        {   
 102   2          *to=*from;
 103   2           to++;
 104   2           from++; 
 105   2        }
 106   1      }
 107          void UART_1SendAddr(unsigned addr)
 108          {
 109   1         //while(temp1!=addr) //主机等待从机返回其地址作为应答信号
 110   1         //{
 111   1          TI=0;    //发送从机地址
 112   1          TB8=1;    //发送地址帧
 113   1          SBUF=addr;
 114   1          while(!TI);
 115   1          TI=0; 
 116   1          /*
C51 COMPILER V9.60.0.0   ZHUJI                                                             07/04/2020 16:17:19 PAGE 3   

 117   1          RI=0;
 118   1          while(!RI);
 119   1          temp1=SBUF;
 120   1          RI=0;*/
 121   1         //}
 122   1      
 123   1      }
 124          void Uart_1SendPkt(unsigned char pkt[8])
 125          {
 126   1        int i=0;
 127   1        for (i=0;i<8;i++){
 128   2            UART_1SendOneByte(pkt[i]);
 129   2        }
 130   1      } 
 131          void main(void)  
 132          {  
 133   1          InitUART(); //串行口初始化  
 134   1          
 135   1          while(1) {
 136   2      /*
 137   2            if(KEY1==0)
 138   2            {
 139   2             delay(5);
 140   2             if(KEY1==0)
 141   2             {
 142   2              while(!KEY1);
 143   2              UART_1SendAddr(0x01);
 144   2             }
 145   2            }
 146   2            if(KEY2==0)
 147   2            {
 148   2             delay(5);
 149   2             if(KEY2==0)
 150   2             {
 151   2              while(!KEY2);
 152   2              UART_1SendAddr(0x02);
 153   2             }
 154   2            }*/
 155   2            if(flag2==1)//收到上位机发来的地址，存在temp2里
 156   2            {
 157   3              flag2=0;
 158   3              UART_1SendAddr(temp2);//下发从机查询
 159   3            }
 160   2            if(flag1==1)//从机返回值
 161   2            {
 162   3              flag1=0;
 163   3              UART_2SendOneByte(temp1);//通过串口2回传上位机
 164   3            }
 165   2          }
 166   1      }
 167          /************串行口1中断处理函数*************/  
 168          void UART_1Interrupt(void) interrupt 4  
 169          {  
 170   1          if(RI==1)  
 171   1          {  
 172   2              RI=0;  
 173   2              flag1=1;  
 174   2              temp1=SBUF;
 175   2          }  
 176   1      }  
 177          /************串行口2中断处理函数*************/  
 178          void UART_2Interrupt(void) interrupt 8  
C51 COMPILER V9.60.0.0   ZHUJI                                                             07/04/2020 16:17:19 PAGE 4   

 179          {  
 180   1          if(S2CON&S2RI)  
 181   1          {  
 182   2              S2CON&=~S2RI;  
 183   2              flag2=1;  
 184   2              temp2=S2BUF;
 185   2              //UART_1SendAddr(temp2);
 186   2              //UART_1SendOneByte(temp2); 
 187   2          }   
 188   1      }


MODULE INFORMATION:   STATIC OVERLAYABLE
   CODE SIZE        =    288    ----
   CONSTANT SIZE    =   ----    ----
   XDATA SIZE       =   ----    ----
   PDATA SIZE       =   ----    ----
   DATA SIZE        =     27       9
   IDATA SIZE       =   ----    ----
   BIT SIZE         =      1    ----
END OF MODULE INFORMATION.


C51 COMPILATION COMPLETE.  0 WARNING(S),  0 ERROR(S)
